POST - /admin/login - Sun, 16 Apr 2023 16:26:06 GMT - 492.940 ms
GET - /admin/dashboard - Sun, 16 Apr 2023 16:26:07 GMT - 731.112 ms
GET - /assets/css/style.css - Sun, 16 Apr 2023 16:26:07 GMT - 4.164 ms
GET - /admin/logout - Sun, 16 Apr 2023 16:44:42 GMT - 38.675 ms
GET - /admin/login - Sun, 16 Apr 2023 16:44:45 GMT - 2992.457 ms
GET - /assets/css/style.css - Sun, 16 Apr 2023 16:44:45 GMT - 52.179 ms
GET - /assets/js/main.js - Sun, 16 Apr 2023 16:44:45 GMT - 51.793 ms
POST - /admin/login - Sun, 16 Apr 2023 16:44:56 GMT - 495.022 ms
GET - /admin/dashboard - Sun, 16 Apr 2023 16:44:56 GMT - 73.410 ms
GET - /assets/css/style.css - Sun, 16 Apr 2023 16:44:56 GMT - 1.460 ms
GET - /admin/logout - Sun, 16 Apr 2023 16:45:51 GMT - 2.258 ms
GET - /admin/login - Sun, 16 Apr 2023 16:45:51 GMT - 19.464 ms
GET - /assets/css/style.css - Sun, 16 Apr 2023 16:45:51 GMT - 2.972 ms
GET - /assets/js/main.js - Sun, 16 Apr 2023 16:45:51 GMT - 4.382 ms
POST - /admin/login - Sun, 16 Apr 2023 16:45:59 GMT - 3.552 ms
GET - /admin/dashboard - Sun, 16 Apr 2023 16:46:00 GMT - 61.926 ms
GET - /assets/css/style.css - Sun, 16 Apr 2023 16:46:00 GMT - 0.874 ms
GET - /admin/logout - Sun, 16 Apr 2023 16:48:27 GMT - 2.191 ms
GET - /admin/login - Sun, 16 Apr 2023 16:48:27 GMT - 14.745 ms
GET - /assets/css/style.css - Sun, 16 Apr 2023 16:48:27 GMT - 1.136 ms
GET - /assets/js/main.js - Sun, 16 Apr 2023 16:48:27 GMT - 0.659 ms
POST - /admin/login - Sun, 16 Apr 2023 16:52:50 GMT - 62.409 ms
GET - /admin/dashboard - Sun, 16 Apr 2023 16:52:50 GMT - 704.120 ms
GET - /assets/css/style.css - Sun, 16 Apr 2023 16:52:50 GMT - 5.009 ms
GET - /admin/logout - Sun, 16 Apr 2023 16:52:59 GMT - 3.306 ms
GET - /admin/login - Sun, 16 Apr 2023 16:52:59 GMT - 23.637 ms
GET - /assets/css/style.css - Sun, 16 Apr 2023 16:53:00 GMT - 2.422 ms
GET - /assets/js/main.js - Sun, 16 Apr 2023 16:53:00 GMT - 24.345 ms
POST - /admin/login - Sun, 16 Apr 2023 16:53:20 GMT - 3.753 ms
GET - /admin/dashboard - Sun, 16 Apr 2023 16:53:21 GMT - 84.077 ms
GET - /assets/css/style.css - Sun, 16 Apr 2023 16:53:21 GMT - 1.092 ms
GET - /admin/logout - Sun, 16 Apr 2023 16:53:29 GMT - 3.857 ms
GET - /admin/login - Sun, 16 Apr 2023 16:53:29 GMT - 18.489 ms
GET - /assets/css/style.css - Sun, 16 Apr 2023 16:53:29 GMT - 1.418 ms
GET - /assets/js/main.js - Sun, 16 Apr 2023 16:53:29 GMT - 14.921 ms
GET - /admin/dashboard - Sun, 16 Apr 2023 17:06:16 GMT - 16.969 ms
GET - /admin/login - Sun, 16 Apr 2023 17:06:16 GMT - 638.317 ms
GET - /assets/css/style.css - Sun, 16 Apr 2023 17:06:16 GMT - 3.947 ms
GET - /assets/js/main.js - Sun, 16 Apr 2023 17:06:16 GMT - 1.803 ms
GET - /assets/js/main.js - Mon, 17 Apr 2023 09:42:28 GMT - 322.671 ms
GET - /assets/css/style.css - Mon, 17 Apr 2023 09:42:28 GMT - 346.056 ms
POST - /admin/login - Mon, 17 Apr 2023 09:42:39 GMT - 1052.574 ms
GET - /admin/login - Mon, 17 Apr 2023 09:42:44 GMT - 5558.573 ms
GET - /assets/css/style.css - Mon, 17 Apr 2023 09:42:44 GMT - 4.833 ms
GET - /assets/js/main.js - Mon, 17 Apr 2023 09:42:44 GMT - 0.857 ms
POST - /api/post/2 - Mon, 17 Apr 2023 10:05:12 GMT - 587.254 ms
GET - /api/post/2 - Mon, 17 Apr 2023 10:29:22 GMT - 179.219 ms
GET - /api/post/6 - Mon, 17 Apr 2023 10:30:49 GMT - 2.935 ms
GET - /api/post/6 - Mon, 17 Apr 2023 10:41:39 GMT - 10.175 ms
GET - /api/post/6 - Mon, 17 Apr 2023 10:41:40 GMT - 3.532 ms
GET - /api/postss/6 - Mon, 17 Apr 2023 10:41:48 GMT - 2.072 ms
GET - /api/postss/6 - Mon, 17 Apr 2023 10:41:50 GMT - 1.705 ms
GET - /api/posts/6 - Mon, 17 Apr 2023 10:48:21 GMT - 8.153 ms
GET - /api/post - Mon, 17 Apr 2023 10:48:28 GMT - 8.841 ms
GET - /api/post - Mon, 17 Apr 2023 10:49:01 GMT - 1.035 ms
POST - /api/post - Mon, 17 Apr 2023 10:49:15 GMT - 1.756 ms
POST - /api/post - Mon, 17 Apr 2023 10:50:21 GMT - 4.504 ms
